-- Selecting Windows SDK version 10.0.26100.0 to target Windows 10.0.20348.
-- The C compiler identification is MSVC 19.44.35228.0
-- The CXX compiler identification is MSVC 19.44.35228.0
-- Detecting C compiler ABI info
-- Detecting C compiler ABI info - done
-- Check for working C compiler: C:/Program Files/Microsoft Visual Studio/2022/Enterprise/VC/Tools/MSVC/14.44.35207/bin/Hostx64/x64/cl.exe - skipped
-- Detecting C compile features
-- Detecting C compile features - done
-- Detecting CXX compiler ABI info
-- Detecting CXX compiler ABI info - done
-- Check for working CXX compiler: C:/Program Files/Microsoft Visual Studio/2022/Enterprise/VC/Tools/MSVC/14.44.35207/bin/Hostx64/x64/cl.exe - skipped
-- Detecting CXX compile features
-- Detecting CXX compile features - done
-- Configuring juceaide
-- Building juceaide
-- Exporting juceaide
-- Testing juceaide
-- Finished setting up juceaide
-- Performing Test CMAKE_HAVE_LIBC_PTHREAD
-- Performing Test CMAKE_HAVE_LIBC_PTHREAD - Failed
-- Looking for pthread_create in pthreads
-- Looking for pthread_create in pthreads - not found
-- Looking for pthread_create in pthread
-- Looking for pthread_create in pthread - not found
-- Found Threads: TRUE
-- Configuring done (78.7s)
-- Generating done (0.1s)
-- Build files have been written to: D:/a/dmx-vst/dmx-vst/build
MSBuild version 17.14.40+3e7442088 for .NET Framework

  Checking File Globs
  1>Checking Build System
  Building Custom Rule D:/a/dmx-vst/dmx-vst/CMakeLists.txt
  PluginProcessor.cpp
  PluginEditor.cpp
  AudioAnalyzer.cpp
  WaveformView.cpp
  AudioPanel.cpp
  FixtureModel.cpp
  FixturesPanel.cpp
  ChannelRow.cpp
  FixtureEditor.cpp
  TimelinePanel.cpp
  OutputPanel.cpp
  ReactivePanel.cpp
  ConnectorPanel.cpp
  ArtNetSender.cpp
  SacnSender.cpp
  SerialPort.cpp
  EnttecSender.cpp
  juce_audio_processors.cpp
  juce_audio_processors_ara.cpp
  juce_audio_processors_lv2_libs.cpp
  juce_gui_extra.cpp
  juce_gui_basics.cpp
  juce_graphics.cpp
  juce_graphics_Harfbuzz.cpp
  juce_events.cpp
  juce_core.cpp
  juce_core_CompilationTime.cpp
  juce_data_structures.cpp
  juce_audio_basics.cpp
  juce_audio_utils.cpp
  juce_audio_formats.cpp
  juce_audio_devices.cpp
  juce_dsp.cpp
  juce_graphics_Sheenbidi.c
  DmxVst.vcxproj -> D:\a\dmx-vst\dmx-vst\build\DmxVst_artefacts\Release\LuxSync DMX_SharedCode.lib
MSBuild version 17.14.40+3e7442088 for .NET Framework

  Checking File Globs
  Generating LuxAutomator_artefacts/JuceLibraryCode/LuxAutomator_resources.rc
  Building Custom Rule D:/a/dmx-vst/dmx-vst/CMakeLists.txt
  LuxAutomator_rc_lib.vcxproj -> D:\a\dmx-vst\dmx-vst\build\LuxAutomator_rc_lib.dir\Release\LuxAutomator_rc_lib.lib
  Building Custom Rule D:/a/dmx-vst/dmx-vst/CMakeLists.txt
  Main.cpp
  AutomatorComponent.cpp
  AudioAnalyzer.cpp
  ArtNetSender.cpp
  SacnSender.cpp
  SerialPort.cpp
  EnttecSender.cpp
  FixtureModel.cpp
  juce_audio_utils.cpp
  juce_audio_processors.cpp
  juce_audio_processors_ara.cpp
  juce_audio_processors_lv2_libs.cpp
  juce_gui_extra.cpp
  juce_gui_basics.cpp
  juce_graphics.cpp
  juce_graphics_Harfbuzz.cpp
  juce_events.cpp
  juce_core.cpp
  juce_core_CompilationTime.cpp
  juce_data_structures.cpp
  juce_audio_basics.cpp
  juce_audio_formats.cpp
  juce_audio_devices.cpp
  juce_dsp.cpp
  juce_graphics_Sheenbidi.c
  LuxAutomator.vcxproj -> D:\a\dmx-vst\dmx-vst\build\LuxAutomator_artefacts\Release\LuxSync AI Automator.exe
=== DmxVst_artefacts tree ===
D:\a\dmx-vst\dmx-vst\build\DmxVst_artefacts\Release\LuxSync DMX_SharedCode.lib
=== LuxAutomator_artefacts tree ===
D:\a\dmx-vst\dmx-vst\build\LuxAutomator_artefacts\Release\LuxSync AI Automator.exe
